2017-09-21 00:06:32.252  INFO 10508 --- [main] c.e.s.accounts.AccountControllerTest     : Starting AccountControllerTest on DESKTOP-F9CBL5E with PID 10508 (started by Kim in D:\IdeaProjects\SpringBootStudy)
2017-09-21 00:06:32.256 DEBUG 10508 --- [main] c.e.s.accounts.AccountControllerTest     : Running with Spring Boot v1.5.6.RELEASE, Spring v4.3.10.RELEASE
2017-09-21 00:06:32.257  INFO 10508 --- [main] c.e.s.accounts.AccountControllerTest     : No active profile set, falling back to default profiles: default
2017-09-21 00:06:32.331  INFO 10508 --- [main] o.s.w.c.s.GenericWebApplicationContext   : Refreshing org.springframework.web.context.support.GenericWebApplicationContext@446293d: startup date [Thu Sep 21 00:06:32 KST 2017]; root of context hierarchy
2017-09-21 00:06:32.334 DEBUG 10508 --- [main] o.s.w.c.s.GenericWebApplicationContext   : Bean factory for org.springframework.web.context.support.GenericWebApplicationContext@446293d: org.springframework.beans.factory.support.DefaultListableBeanFactory@4c60d6e9: defining beans [org.springframework.boot.test.mock.mockito.MockitoPostProcessor$SpyPostProcessor,org.springframework.boot.test.mock.mockito.MockitoPostProcessor,org.springframework.context.annotation.internalConfigurationAnnotationProcessor,org.springframework.context.annotation.internalAutowiredAnnotationProcessor,org.springframework.context.annotation.internalRequiredAnnotationProcessor,org.springframework.context.annotation.internalCommonAnnotationProcessor,org.springframework.context.annotation.internalPersistenceAnnotationProcessor,org.springframework.context.event.internalEventListenerProcessor,org.springframework.context.event.internalEventListenerFactory,studyApplication]; root of factory hierarchy
2017-09-21 00:06:36.772 DEBUG 10508 --- [main] o.s.w.c.s.GenericWebApplicationContext   : Unable to locate MessageSource with name 'messageSource': using default [org.springframework.context.support.DelegatingMessageSource@2c1dc8e]
2017-09-21 00:06:36.773 DEBUG 10508 --- [main] o.s.w.c.s.GenericWebApplicationContext   : Unable to locate ApplicationEventMulticaster with name 'applicationEventMulticaster': using default [org.springframework.context.event.SimpleApplicationEventMulticaster@b273a59]
2017-09-21 00:06:38.043  INFO 10508 --- [main] o.hibernate.jpa.internal.util.LogHelper  : HHH000204: Processing PersistenceUnitInfo [
	name: default
	...]
2017-09-21 00:06:38.158  INFO 10508 --- [main] org.hibernate.Version                    : HHH000412: Hibernate Core {5.0.12.Final}
2017-09-21 00:06:38.162  INFO 10508 --- [main] org.hibernate.cfg.Environment            : HHH000206: hibernate.properties not found
2017-09-21 00:06:38.165  INFO 10508 --- [main] org.hibernate.cfg.Environment            : HHH000021: Bytecode provider name : javassist
2017-09-21 00:06:38.221  INFO 10508 --- [main] o.hibernate.annotations.common.Version   : HCANN000001: Hibernate Commons Annotations {5.0.1.Final}
2017-09-21 00:06:38.499  INFO 10508 --- [main] org.hibernate.dialect.Dialect            : HHH000400: Using dialect: org.hibernate.dialect.H2Dialect
2017-09-21 00:06:39.582  INFO 10508 --- [main] org.hibernate.tool.hbm2ddl.SchemaExport  : HHH000227: Running hbm2ddl schema export
2017-09-21 00:06:39.599  INFO 10508 --- [main] org.hibernate.tool.hbm2ddl.SchemaExport  : HHH000230: Schema export complete
2017-09-21 00:06:41.433  INFO 10508 --- [main] s.w.s.m.m.a.RequestMappingHandlerAdapter : Looking for @ControllerAdvice: org.springframework.web.context.support.GenericWebApplicationContext@446293d: startup date [Thu Sep 21 00:06:32 KST 2017]; root of context hierarchy
2017-09-21 00:06:41.665 DEBUG 10508 --- [main] s.w.s.m.m.a.RequestMappingHandlerMapping : Looking for request mappings in application context: org.springframework.web.context.support.GenericWebApplicationContext@446293d: startup date [Thu Sep 21 00:06:32 KST 2017]; root of context hierarchy
2017-09-21 00:06:41.713 DEBUG 10508 --- [main] s.w.s.m.m.a.RequestMappingHandlerMapping : 3 request handler methods found on class com.euihwan.study.accounts.AccountController: {public org.springframework.http.ResponseEntity com.euihwan.study.accounts.AccountController.getAccounts(org.springframework.data.domain.Pageable)={[/accounts],methods=[GET]}, public java.lang.String com.euihwan.study.accounts.AccountController.hello()={[/]}, public org.springframework.http.ResponseEntity com.euihwan.study.accounts.AccountController.createAccount(com.euihwan.study.accounts.AccountDto$Create,org.springframework.validation.BindingResult)={[/accounts],methods=[POST]}}
2017-09-21 00:06:41.714  INFO 10508 --- [main] s.w.s.m.m.a.RequestMappingHandlerMapping : Mapped "{[/accounts],methods=[GET]}" onto public org.springframework.http.ResponseEntity com.euihwan.study.accounts.AccountController.getAccounts(org.springframework.data.domain.Pageable)
2017-09-21 00:06:41.716  INFO 10508 --- [main] s.w.s.m.m.a.RequestMappingHandlerMapping : Mapped "{[/]}" onto public java.lang.String com.euihwan.study.accounts.AccountController.hello()
2017-09-21 00:06:41.717  INFO 10508 --- [main] s.w.s.m.m.a.RequestMappingHandlerMapping : Mapped "{[/accounts],methods=[POST]}" onto public org.springframework.http.ResponseEntity com.euihwan.study.accounts.AccountController.createAccount(com.euihwan.study.accounts.AccountDto$Create,org.springframework.validation.BindingResult)
2017-09-21 00:06:41.726 DEBUG 10508 --- [main] s.w.s.m.m.a.RequestMappingHandlerMapping : 2 request handler methods found on class org.springframework.boot.autoconfigure.web.BasicErrorController: {public org.springframework.http.ResponseEntity org.springframework.boot.autoconfigure.web.BasicErrorController.error(javax.servlet.http.HttpServletRequest)={[/error]}, public org.springframework.web.servlet.ModelAndView org.springframework.boot.autoconfigure.web.BasicErrorController.errorHtml(javax.servlet.http.HttpServletRequest,javax.servlet.http.HttpServletResponse)={[/error],produces=[text/html]}}
2017-09-21 00:06:41.727  INFO 10508 --- [main] s.w.s.m.m.a.RequestMappingHandlerMapping : Mapped "{[/error]}" onto public org.springframework.http.ResponseEntity<java.util.Map<java.lang.String, java.lang.Object>> org.springframework.boot.autoconfigure.web.BasicErrorController.error(javax.servlet.http.HttpServletRequest)
2017-09-21 00:06:41.728  INFO 10508 --- [main] s.w.s.m.m.a.RequestMappingHandlerMapping : Mapped "{[/error],produces=[text/html]}" onto public org.springframework.web.servlet.ModelAndView org.springframework.boot.autoconfigure.web.BasicErrorController.errorHtml(javax.servlet.http.HttpServletRequest,javax.servlet.http.HttpServletResponse)
2017-09-21 00:06:41.812 DEBUG 10508 --- [main] o.s.w.s.h.BeanNameUrlHandlerMapping      : Looking for URL mappings in application context: org.springframework.web.context.support.GenericWebApplicationContext@446293d: startup date [Thu Sep 21 00:06:32 KST 2017]; root of context hierarchy
2017-09-21 00:06:41.813 DEBUG 10508 --- [main] o.s.w.s.h.BeanNameUrlHandlerMapping      : Rejected bean name 'org.springframework.boot.test.mock.mockito.MockitoPostProcessor$SpyPostProcessor': no URL paths identified
2017-09-21 00:06:41.813 DEBUG 10508 --- [main] o.s.w.s.h.BeanNameUrlHandlerMapping      : Rejected bean name 'org.springframework.boot.test.mock.mockito.MockitoPostProcessor': no URL paths identified
2017-09-21 00:06:41.813 DEBUG 10508 --- [main] o.s.w.s.h.BeanNameUrlHandlerMapping      : Rejected bean name 'org.springframework.context.annotation.internalConfigurationAnnotationProcessor': no URL paths identified
2017-09-21 00:06:41.814 DEBUG 10508 --- [main] o.s.w.s.h.BeanNameUrlHandlerMapping      : Rejected bean name 'org.springframework.context.annotation.internalAutowiredAnnotationProcessor': no URL paths identified
2017-09-21 00:06:41.814 DEBUG 10508 --- [main] o.s.w.s.h.BeanNameUrlHandlerMapping      : Rejected bean name 'org.springframework.context.annotation.internalRequiredAnnotationProcessor': no URL paths identified
2017-09-21 00:06:41.814 DEBUG 10508 --- [main] o.s.w.s.h.BeanNameUrlHandlerMapping      : Rejected bean name 'org.springframework.context.annotation.internalCommonAnnotationProcessor': no URL paths identified
2017-09-21 00:06:41.814 DEBUG 10508 --- [main] o.s.w.s.h.BeanNameUrlHandlerMapping      : Rejected bean name 'org.springframework.context.annotation.internalPersistenceAnnotationProcessor': no URL paths identified
2017-09-21 00:06:41.814 DEBUG 10508 --- [main] o.s.w.s.h.BeanNameUrlHandlerMapping      : Rejected bean name 'org.springframework.context.event.internalEventListenerProcessor': no URL paths identified
2017-09-21 00:06:41.814 DEBUG 10508 --- [main] o.s.w.s.h.BeanNameUrlHandlerMapping      : Rejected bean name 'org.springframework.context.event.internalEventListenerFactory': no URL paths identified
2017-09-21 00:06:41.815 DEBUG 10508 --- [main] o.s.w.s.h.BeanNameUrlHandlerMapping      : Rejected bean name 'studyApplication': no URL paths identified
2017-09-21 00:06:41.815 DEBUG 10508 --- [main] o.s.w.s.h.BeanNameUrlHandlerMapping      : Rejected bean name 'org.springframework.boot.autoconfigure.internalCachingMetadataReaderFactory': no URL paths identified
2017-09-21 00:06:41.815 DEBUG 10508 --- [main] o.s.w.s.h.BeanNameUrlHandlerMapping      : Rejected bean name 'accountController': no URL paths identified
2017-09-21 00:06:41.815 DEBUG 10508 --- [main] o.s.w.s.h.BeanNameUrlHandlerMapping      : Rejected bean name 'accountService': no URL paths identified
2017-09-21 00:06:41.815 DEBUG 10508 --- [main] o.s.w.s.h.BeanNameUrlHandlerMapping      : Rejected bean name 'modelMapper': no URL paths identified
2017-09-21 00:06:41.816 DEBUG 10508 --- [main] o.s.w.s.h.BeanNameUrlHandlerMapping      : Rejected bean name 'org.springframework.boot.autoconfigure.AutoConfigurationPackages': no URL paths identified
2017-09-21 00:06:41.816 DEBUG 10508 --- [main] o.s.w.s.h.BeanNameUrlHandlerMapping      : Rejected bean name 'org.springframework.boot.autoconfigure.context.PropertyPlaceholderAutoConfiguration': no URL paths identified
2017-09-21 00:06:41.818 DEBUG 10508 --- [main] o.s.w.s.h.BeanNameUrlHandlerMapping      : Rejected bean name 'org.springframework.boot.autoconfigure.condition.BeanTypeRegistry': no URL paths identified
2017-09-21 00:06:41.819 DEBUG 10508 --- [main] o.s.w.s.h.BeanNameUrlHandlerMapping      : Rejected bean name 'propertySourcesPlaceholderConfigurer': no URL paths identified
2017-09-21 00:06:41.822 DEBUG 10508 --- [main] o.s.w.s.h.BeanNameUrlHandlerMapping      : Rejected bean name 'org.springframework.boot.autoconfigure.jackson.JacksonAutoConfiguration$Jackson2ObjectMapperBuilderCustomizerConfiguration': no URL paths identified
2017-09-21 00:06:41.822 DEBUG 10508 --- [main] o.s.w.s.h.BeanNameUrlHandlerMapping      : Rejected bean name 'standardJacksonObjectMapperBuilderCustomizer': no URL paths identified
2017-09-21 00:06:41.822 DEBUG 10508 --- [main] o.s.w.s.h.BeanNameUrlHandlerMapping      : Rejected bean name 'spring.jackson-org.springframework.boot.autoconfigure.jackson.JacksonProperties': no URL paths identified
2017-09-21 00:06:41.822 DEBUG 10508 --- [main] o.s.w.s.h.BeanNameUrlHandlerMapping      : Rejected bean name 'org.springframework.boot.context.properties.ConfigurationPropertiesBindingPostProcessor': no URL paths identified
2017-09-21 00:06:41.823 DEBUG 10508 --- [main] o.s.w.s.h.BeanNameUrlHandlerMapping      : Rejected bean name 'org.springframework.boot.context.properties.ConfigurationPropertiesBindingPostProcessor.store': no URL paths identified
2017-09-21 00:06:41.823 DEBUG 10508 --- [main] o.s.w.s.h.BeanNameUrlHandlerMapping      : Rejected bean name 'org.springframework.boot.autoconfigure.jackson.JacksonAutoConfiguration$JacksonObjectMapperBuilderConfiguration': no URL paths identified
2017-09-21 00:06:41.823 DEBUG 10508 --- [main] o.s.w.s.h.BeanNameUrlHandlerMapping      : Rejected bean name 'jacksonObjectMapperBuilder': no URL paths identified
2017-09-21 00:06:41.823 DEBUG 10508 --- [main] o.s.w.s.h.BeanNameUrlHandlerMapping      : Rejected bean name 'org.springframework.boot.autoconfigure.jackson.JacksonAutoConfiguration$JacksonObjectMapperConfiguration': no URL paths identified
2017-09-21 00:06:41.823 DEBUG 10508 --- [main] o.s.w.s.h.BeanNameUrlHandlerMapping      : Rejected bean name 'jacksonObjectMapper': no URL paths identified
2017-09-21 00:06:41.823 DEBUG 10508 --- [main] o.s.w.s.h.BeanNameUrlHandlerMapping      : Rejected bean name 'org.springframework.boot.autoconfigure.jackson.JacksonAutoConfiguration': no URL paths identified
2017-09-21 00:06:41.824 DEBUG 10508 --- [main] o.s.w.s.h.BeanNameUrlHandlerMapping      : Rejected bean name 'jsonComponentModule': no URL paths identified
2017-09-21 00:06:41.824 DEBUG 10508 --- [main] o.s.w.s.h.BeanNameUrlHandlerMapping      : Rejected bean name 'org.springframework.boot.autoconfigure.websocket.WebSocketAutoConfiguration$TomcatWebSocketConfiguration': no URL paths identified
2017-09-21 00:06:41.824 DEBUG 10508 --- [main] o.s.w.s.h.BeanNameUrlHandlerMapping      : Rejected bean name 'websocketContainerCustomizer': no URL paths identified
2017-09-21 00:06:41.826 DEBUG 10508 --- [main] o.s.w.s.h.BeanNameUrlHandlerMapping      : Rejected bean name 'org.springframework.boot.autoconfigure.websocket.WebSocketAutoConfiguration': no URL paths identified
2017-09-21 00:06:41.826 DEBUG 10508 --- [main] o.s.w.s.h.BeanNameUrlHandlerMapping      : Rejected bean name 'org.springframework.boot.autoconfigure.web.EmbeddedServletContainerAutoConfiguration$EmbeddedTomcat': no URL paths identified
2017-09-21 00:06:41.826 DEBUG 10508 --- [main] o.s.w.s.h.BeanNameUrlHandlerMapping      : Rejected bean name 'tomcatEmbeddedServletContainerFactory': no URL paths identified
2017-09-21 00:06:41.827 DEBUG 10508 --- [main] o.s.w.s.h.BeanNameUrlHandlerMapping      : Rejected bean name 'org.springframework.boot.autoconfigure.web.EmbeddedServletContainerAutoConfiguration': no URL paths identified
2017-09-21 00:06:41.827 DEBUG 10508 --- [main] o.s.w.s.h.BeanNameUrlHandlerMapping      : Rejected bean name 'embeddedServletContainerCustomizerBeanPostProcessor': no URL paths identified
2017-09-21 00:06:41.827 DEBUG 10508 --- [main] o.s.w.s.h.BeanNameUrlHandlerMapping      : Rejected bean name 'errorPageRegistrarBeanPostProcessor': no URL paths identified
2017-09-21 00:06:41.828 DEBUG 10508 --- [main] o.s.w.s.h.BeanNameUrlHandlerMapping      : Rejected bean name 'org.springframework.boot.autoconfigure.web.DispatcherServletAutoConfiguration$DispatcherServletConfiguration': no URL paths identified
2017-09-21 00:06:41.829 DEBUG 10508 --- [main] o.s.w.s.h.BeanNameUrlHandlerMapping      : Rejected bean name 'dispatcherServlet': no URL paths identified
2017-09-21 00:06:41.834 DEBUG 10508 --- [main] o.s.w.s.h.BeanNameUrlHandlerMapping      : Rejected bean name 'spring.mvc-org.springframework.boot.autoconfigure.web.WebMvcProperties': no URL paths identified
2017-09-21 00:06:41.835 DEBUG 10508 --- [main] o.s.w.s.h.BeanNameUrlHandlerMapping      : Rejected bean name 'org.springframework.boot.autoconfigure.web.DispatcherServletAutoConfiguration$DispatcherServletRegistrationConfiguration': no URL paths identified
2017-09-21 00:06:41.835 DEBUG 10508 --- [main] o.s.w.s.h.BeanNameUrlHandlerMapping      : Rejected bean name 'dispatcherServletRegistration': no URL paths identified
2017-09-21 00:06:41.835 DEBUG 10508 --- [main] o.s.w.s.h.BeanNameUrlHandlerMapping      : Rejected bean name 'org.springframework.boot.autoconfigure.web.DispatcherServletAutoConfiguration': no URL paths identified
2017-09-21 00:06:41.835 DEBUG 10508 --- [main] o.s.w.s.h.BeanNameUrlHandlerMapping      : Rejected bean name 'org.springframework.boot.autoconfigure.validation.ValidationAutoConfiguration': no URL paths identified
2017-09-21 00:06:41.835 DEBUG 10508 --- [main] o.s.w.s.h.BeanNameUrlHandlerMapping      : Rejected bean name 'defaultValidator': no URL paths identified
2017-09-21 00:06:41.838 DEBUG 10508 --- [main] o.s.w.s.h.BeanNameUrlHandlerMapping      : Rejected bean name 'methodValidationPostProcessor': no URL paths identified
2017-09-21 00:06:41.840 DEBUG 10508 --- [main] o.s.w.s.h.BeanNameUrlHandlerMapping      : Rejected bean name 'org.springframework.boot.autoconfigure.web.ErrorMvcAutoConfiguration$WhitelabelErrorViewConfiguration': no URL paths identified
2017-09-21 00:06:41.841 DEBUG 10508 --- [main] o.s.w.s.h.BeanNameUrlHandlerMapping      : Rejected bean name 'error': no URL paths identified
2017-09-21 00:06:41.841 DEBUG 10508 --- [main] o.s.w.s.h.BeanNameUrlHandlerMapping      : Rejected bean name 'beanNameViewResolver': no URL paths identified
2017-09-21 00:06:41.841 DEBUG 10508 --- [main] o.s.w.s.h.BeanNameUrlHandlerMapping      : Rejected bean name 'org.springframework.boot.autoconfigure.web.ErrorMvcAutoConfiguration$DefaultErrorViewResolverConfiguration': no URL paths identified
2017-09-21 00:06:41.841 DEBUG 10508 --- [main] o.s.w.s.h.BeanNameUrlHandlerMapping      : Rejected bean name 'conventionErrorViewResolver': no URL paths identified
2017-09-21 00:06:41.841 DEBUG 10508 --- [main] o.s.w.s.h.BeanNameUrlHandlerMapping      : Rejected bean name 'org.springframework.boot.autoconfigure.web.ErrorMvcAutoConfiguration': no URL paths identified
2017-09-21 00:06:41.841 DEBUG 10508 --- [main] o.s.w.s.h.BeanNameUrlHandlerMapping      : Rejected bean name 'errorAttributes': no URL paths identified
2017-09-21 00:06:41.841 DEBUG 10508 --- [main] o.s.w.s.h.BeanNameUrlHandlerMapping      : Rejected bean name 'basicErrorController': no URL paths identified
2017-09-21 00:06:41.841 DEBUG 10508 --- [main] o.s.w.s.h.BeanNameUrlHandlerMapping      : Rejected bean name 'errorPageCustomizer': no URL paths identified
2017-09-21 00:06:41.841 DEBUG 10508 --- [main] o.s.w.s.h.BeanNameUrlHandlerMapping      : Rejected bean name 'preserveErrorControllerTargetClassPostProcessor': no URL paths identified
2017-09-21 00:06:41.841 DEBUG 10508 --- [main] o.s.w.s.h.BeanNameUrlHandlerMapping      : Rejected bean name 'spring.resources-org.springframework.boot.autoconfigure.web.ResourceProperties': no URL paths identified
2017-09-21 00:06:41.841 DEBUG 10508 --- [main] o.s.w.s.h.BeanNameUrlHandlerMapping      : Rejected bean name 'org.springframework.boot.autoconfigure.web.WebMvcAutoConfiguration$EnableWebMvcConfiguration': no URL paths identified
2017-09-21 00:06:41.841 DEBUG 10508 --- [main] o.s.w.s.h.BeanNameUrlHandlerMapping      : Rejected bean name 'requestMappingHandlerAdapter': no URL paths identified
2017-09-21 00:06:41.842 DEBUG 10508 --- [main] o.s.w.s.h.BeanNameUrlHandlerMapping      : Rejected bean name 'requestMappingHandlerMapping': no URL paths identified
2017-09-21 00:06:41.842 DEBUG 10508 --- [main] o.s.w.s.h.BeanNameUrlHandlerMapping      : Rejected bean name 'mvcValidator': no URL paths identified
2017-09-21 00:06:41.842 DEBUG 10508 --- [main] o.s.w.s.h.BeanNameUrlHandlerMapping      : Rejected bean name 'mvcContentNegotiationManager': no URL paths identified
2017-09-21 00:06:41.842 DEBUG 10508 --- [main] o.s.w.s.h.BeanNameUrlHandlerMapping      : Rejected bean name 'mvcPathMatcher': no URL paths identified
2017-09-21 00:06:41.842 DEBUG 10508 --- [main] o.s.w.s.h.BeanNameUrlHandlerMapping      : Rejected bean name 'mvcUrlPathHelper': no URL paths identified
2017-09-21 00:06:41.842 DEBUG 10508 --- [main] o.s.w.s.h.BeanNameUrlHandlerMapping      : Rejected bean name 'viewControllerHandlerMapping': no URL paths identified
2017-09-21 00:06:41.842 DEBUG 10508 --- [main] o.s.w.s.h.BeanNameUrlHandlerMapping      : Rejected bean name 'beanNameHandlerMapping': no URL paths identified
2017-09-21 00:06:41.842 DEBUG 10508 --- [main] o.s.w.s.h.BeanNameUrlHandlerMapping      : Rejected bean name 'resourceHandlerMapping': no URL paths identified
2017-09-21 00:06:41.842 DEBUG 10508 --- [main] o.s.w.s.h.BeanNameUrlHandlerMapping      : Rejected bean name 'mvcResourceUrlProvider': no URL paths identified
2017-09-21 00:06:41.845 DEBUG 10508 --- [main] o.s.w.s.h.BeanNameUrlHandlerMapping      : Rejected bean name 'defaultServletHandlerMapping': no URL paths identified
2017-09-21 00:06:41.845 DEBUG 10508 --- [main] o.s.w.s.h.BeanNameUrlHandlerMapping      : Rejected bean name 'mvcConversionService': no URL paths identified
2017-09-21 00:06:41.846 DEBUG 10508 --- [main] o.s.w.s.h.BeanNameUrlHandlerMapping      : Rejected bean name 'mvcUriComponentsContributor': no URL paths identified
2017-09-21 00:06:41.846 DEBUG 10508 --- [main] o.s.w.s.h.BeanNameUrlHandlerMapping      : Rejected bean name 'httpRequestHandlerAdapter': no URL paths identified
2017-09-21 00:06:41.846 DEBUG 10508 --- [main] o.s.w.s.h.BeanNameUrlHandlerMapping      : Rejected bean name 'simpleControllerHandlerAdapter': no URL paths identified
2017-09-21 00:06:41.846 DEBUG 10508 --- [main] o.s.w.s.h.BeanNameUrlHandlerMapping      : Rejected bean name 'handlerExceptionResolver': no URL paths identified
2017-09-21 00:06:41.846 DEBUG 10508 --- [main] o.s.w.s.h.BeanNameUrlHandlerMapping      : Rejected bean name 'mvcViewResolver': no URL paths identified
2017-09-21 00:06:41.846 DEBUG 10508 --- [main] o.s.w.s.h.BeanNameUrlHandlerMapping      : Rejected bean name 'org.springframework.boot.autoconfigure.web.WebMvcAutoConfiguration$WebMvcAutoConfigurationAdapter$FaviconConfiguration': no URL paths identified
2017-09-21 00:06:41.846 DEBUG 10508 --- [main] o.s.w.s.h.BeanNameUrlHandlerMapping      : Rejected bean name 'faviconHandlerMapping': no URL paths identified
2017-09-21 00:06:41.846 DEBUG 10508 --- [main] o.s.w.s.h.BeanNameUrlHandlerMapping      : Rejected bean name 'faviconRequestHandler': no URL paths identified
2017-09-21 00:06:41.846 DEBUG 10508 --- [main] o.s.w.s.h.BeanNameUrlHandlerMapping      : Rejected bean name 'org.springframework.boot.autoconfigure.web.WebMvcAutoConfiguration$WebMvcAutoConfigurationAdapter': no URL paths identified
2017-09-21 00:06:41.846 DEBUG 10508 --- [main] o.s.w.s.h.BeanNameUrlHandlerMapping      : Rejected bean name 'defaultViewResolver': no URL paths identified
2017-09-21 00:06:41.847 DEBUG 10508 --- [main] o.s.w.s.h.BeanNameUrlHandlerMapping      : Rejected bean name 'viewResolver': no URL paths identified
2017-09-21 00:06:41.847 DEBUG 10508 --- [main] o.s.w.s.h.BeanNameUrlHandlerMapping      : Rejected bean name 'welcomePageHandlerMapping': no URL paths identified
2017-09-21 00:06:41.847 DEBUG 10508 --- [main] o.s.w.s.h.BeanNameUrlHandlerMapping      : Rejected bean name 'requestContextFilter': no URL paths identified
2017-09-21 00:06:41.847 DEBUG 10508 --- [main] o.s.w.s.h.BeanNameUrlHandlerMapping      : Rejected bean name 'org.springframework.boot.autoconfigure.web.WebMvcAutoConfiguration': no URL paths identified
2017-09-21 00:06:41.847 DEBUG 10508 --- [main] o.s.w.s.h.BeanNameUrlHandlerMapping      : Rejected bean name 'hiddenHttpMethodFilter': no URL paths identified
2017-09-21 00:06:41.847 DEBUG 10508 --- [main] o.s.w.s.h.BeanNameUrlHandlerMapping      : Rejected bean name 'httpPutFormContentFilter': no URL paths identified
2017-09-21 00:06:41.847 DEBUG 10508 --- [main] o.s.w.s.h.BeanNameUrlHandlerMapping      : Rejected bean name 'org.springframework.boot.autoconfigure.aop.AopAutoConfiguration$JdkDynamicAutoProxyConfiguration': no URL paths identified
2017-09-21 00:06:41.847 DEBUG 10508 --- [main] o.s.w.s.h.BeanNameUrlHandlerMapping      : Rejected bean name 'org.springframework.aop.config.internalAutoProxyCreator': no URL paths identified
2017-09-21 00:06:41.847 DEBUG 10508 --- [main] o.s.w.s.h.BeanNameUrlHandlerMapping      : Rejected bean name 'org.springframework.boot.autoconfigure.aop.AopAutoConfiguration': no URL paths identified
2017-09-21 00:06:41.847 DEBUG 10508 --- [main] o.s.w.s.h.BeanNameUrlHandlerMapping      : Rejected bean name 'org.springframework.boot.autoconfigure.transaction.jta.JtaAutoConfiguration': no URL paths identified
2017-09-21 00:06:41.847 DEBUG 10508 --- [main] o.s.w.s.h.BeanNameUrlHandlerMapping      : Rejected bean name 'spring.jta-org.springframework.boot.autoconfigure.transaction.jta.JtaProperties': no URL paths identified
2017-09-21 00:06:41.847 DEBUG 10508 --- [main] o.s.w.s.h.BeanNameUrlHandlerMapping      : Rejected bean name 'org.springframework.boot.autoconfigure.jdbc.DataSourceConfiguration$Tomcat': no URL paths identified
2017-09-21 00:06:41.847 DEBUG 10508 --- [main] o.s.w.s.h.BeanNameUrlHandlerMapping      : Rejected bean name 'dataSource': no URL paths identified
2017-09-21 00:06:41.848 DEBUG 10508 --- [main] o.s.w.s.h.BeanNameUrlHandlerMapping      : Rejected bean name 'org.springframework.boot.autoconfigure.jdbc.DataSourceAutoConfiguration$PooledDataSourceConfiguration': no URL paths identified
2017-09-21 00:06:41.848 DEBUG 10508 --- [main] o.s.w.s.h.BeanNameUrlHandlerMapping      : Rejected bean name 'org.springframework.boot.autoconfigure.jdbc.metadata.DataSourcePoolMetadataProvidersConfiguration$TomcatDataSourcePoolMetadataProviderConfiguration': no URL paths identified
2017-09-21 00:06:41.848 DEBUG 10508 --- [main] o.s.w.s.h.BeanNameUrlHandlerMapping      : Rejected bean name 'tomcatPoolDataSourceMetadataProvider': no URL paths identified
2017-09-21 00:06:41.848 DEBUG 10508 --- [main] o.s.w.s.h.BeanNameUrlHandlerMapping      : Rejected bean name 'org.springframework.boot.autoconfigure.jdbc.metadata.DataSourcePoolMetadataProvidersConfiguration': no URL paths identified
2017-09-21 00:06:41.848 DEBUG 10508 --- [main] o.s.w.s.h.BeanNameUrlHandlerMapping      : Rejected bean name 'org.springframework.boot.autoconfigure.jdbc.DataSourceAutoConfiguration': no URL paths identified
2017-09-21 00:06:41.848 DEBUG 10508 --- [main] o.s.w.s.h.BeanNameUrlHandlerMapping      : Rejected bean name 'dataSourceInitializer': no URL paths identified
2017-09-21 00:06:41.848 DEBUG 10508 --- [main] o.s.w.s.h.BeanNameUrlHandlerMapping      : Rejected bean name 'spring.datasource-org.springframework.boot.autoconfigure.jdbc.DataSourceProperties': no URL paths identified
2017-09-21 00:06:41.848 DEBUG 10508 --- [main] o.s.w.s.h.BeanNameUrlHandlerMapping      : Rejected bean name 'dataSourceInitializerPostProcessor': no URL paths identified
2017-09-21 00:06:41.848 DEBUG 10508 --- [main] o.s.w.s.h.BeanNameUrlHandlerMapping      : Rejected bean name 'org.springframework.boot.autoconfigure.orm.jpa.JpaBaseConfiguration$JpaWebConfiguration$JpaWebMvcConfiguration': no URL paths identified
2017-09-21 00:06:41.848 DEBUG 10508 --- [main] o.s.w.s.h.BeanNameUrlHandlerMapping      : Rejected bean name 'openEntityManagerInViewInterceptor': no URL paths identified
2017-09-21 00:06:41.848 DEBUG 10508 --- [main] o.s.w.s.h.BeanNameUrlHandlerMapping      : Rejected bean name 'org.springframework.boot.autoconfigure.orm.jpa.JpaBaseConfiguration$JpaWebConfiguration': no URL paths identified
2017-09-21 00:06:41.849 DEBUG 10508 --- [main] o.s.w.s.h.BeanNameUrlHandlerMapping      : Rejected bean name 'org.springframework.boot.autoconfigure.orm.jpa.HibernateJpaAutoConfiguration': no URL paths identified
2017-09-21 00:06:41.849 DEBUG 10508 --- [main] o.s.w.s.h.BeanNameUrlHandlerMapping      : Rejected bean name 'transactionManager': no URL paths identified
2017-09-21 00:06:41.849 DEBUG 10508 --- [main] o.s.w.s.h.BeanNameUrlHandlerMapping      : Rejected bean name 'jpaVendorAdapter': no URL paths identified
2017-09-21 00:06:41.849 DEBUG 10508 --- [main] o.s.w.s.h.BeanNameUrlHandlerMapping      : Rejected bean name 'entityManagerFactoryBuilder': no URL paths identified
2017-09-21 00:06:41.849 DEBUG 10508 --- [main] o.s.w.s.h.BeanNameUrlHandlerMapping      : Rejected bean name 'entityManagerFactory': no URL paths identified
2017-09-21 00:06:41.849 DEBUG 10508 --- [main] o.s.w.s.h.BeanNameUrlHandlerMapping      : Rejected bean name 'spring.jpa-org.springframework.boot.autoconfigure.orm.jpa.JpaProperties': no URL paths identified
2017-09-21 00:06:41.849 DEBUG 10508 --- [main] o.s.w.s.h.BeanNameUrlHandlerMapping      : Rejected bean name 'dataSourceInitializedPublisher': no URL paths identified
2017-09-21 00:06:41.858 DEBUG 10508 --- [main] o.s.w.s.h.BeanNameUrlHandlerMapping      : Rejected bean name 'org.springframework.boot.autoconfigure.context.ConfigurationPropertiesAutoConfiguration': no URL paths identified
2017-09-21 00:06:41.859 DEBUG 10508 --- [main] o.s.w.s.h.BeanNameUrlHandlerMapping      : Rejected bean name 'org.springframework.boot.autoconfigure.dao.PersistenceExceptionTranslationAutoConfiguration': no URL paths identified
2017-09-21 00:06:41.859 DEBUG 10508 --- [main] o.s.w.s.h.BeanNameUrlHandlerMapping      : Rejected bean name 'persistenceExceptionTranslationPostProcessor': no URL paths identified
2017-09-21 00:06:41.859 DEBUG 10508 --- [main] o.s.w.s.h.BeanNameUrlHandlerMapping      : Rejected bean name 'org.springframework.boot.autoconfigure.data.jpa.JpaRepositoriesAutoConfiguration': no URL paths identified
2017-09-21 00:06:41.859 DEBUG 10508 --- [main] o.s.w.s.h.BeanNameUrlHandlerMapping      : Rejected bean name 'emBeanDefinitionRegistrarPostProcessor': no URL paths identified
2017-09-21 00:06:41.859 DEBUG 10508 --- [main] o.s.w.s.h.BeanNameUrlHandlerMapping      : Rejected bean name 'jpaMappingContext': no URL paths identified
2017-09-21 00:06:41.859 DEBUG 10508 --- [main] o.s.w.s.h.BeanNameUrlHandlerMapping      : Rejected bean name 'jpaContext': no URL paths identified
2017-09-21 00:06:41.859 DEBUG 10508 --- [main] o.s.w.s.h.BeanNameUrlHandlerMapping      : Rejected bean name 'accountRepository': no URL paths identified
2017-09-21 00:06:41.859 DEBUG 10508 --- [main] o.s.w.s.h.BeanNameUrlHandlerMapping      : Rejected bean name 'org.springframework.boot.autoconfigure.web.HttpMessageConvertersAutoConfiguration$StringHttpMessageConverterConfiguration': no URL paths identified
2017-09-21 00:06:41.859 DEBUG 10508 --- [main] o.s.w.s.h.BeanNameUrlHandlerMapping      : Rejected bean name 'stringHttpMessageConverter': no URL paths identified
2017-09-21 00:06:41.859 DEBUG 10508 --- [main] o.s.w.s.h.BeanNameUrlHandlerMapping      : Rejected bean name 'spring.http.encoding-org.springframework.boot.autoconfigure.web.HttpEncodingProperties': no URL paths identified
2017-09-21 00:06:41.859 DEBUG 10508 --- [main] o.s.w.s.h.BeanNameUrlHandlerMapping      : Rejected bean name 'org.springframework.boot.autoconfigure.web.JacksonHttpMessageConvertersConfiguration$MappingJackson2HttpMessageConverterConfiguration': no URL paths identified
2017-09-21 00:06:41.860 DEBUG 10508 --- [main] o.s.w.s.h.BeanNameUrlHandlerMapping      : Rejected bean name 'mappingJackson2HttpMessageConverter': no URL paths identified
2017-09-21 00:06:41.860 DEBUG 10508 --- [main] o.s.w.s.h.BeanNameUrlHandlerMapping      : Rejected bean name 'org.springframework.boot.autoconfigure.web.JacksonHttpMessageConvertersConfiguration': no URL paths identified
2017-09-21 00:06:41.860 DEBUG 10508 --- [main] o.s.w.s.h.BeanNameUrlHandlerMapping      : Rejected bean name 'org.springframework.boot.autoconfigure.web.HttpMessageConvertersAutoConfiguration': no URL paths identified
2017-09-21 00:06:41.860 DEBUG 10508 --- [main] o.s.w.s.h.BeanNameUrlHandlerMapping      : Rejected bean name 'messageConverters': no URL paths identified
2017-09-21 00:06:41.860 DEBUG 10508 --- [main] o.s.w.s.h.BeanNameUrlHandlerMapping      : Rejected bean name 'org.springframework.data.web.config.SpringDataWebConfiguration': no URL paths identified
2017-09-21 00:06:41.863 DEBUG 10508 --- [main] o.s.w.s.h.BeanNameUrlHandlerMapping      : Rejected bean name 'pageableResolver': no URL paths identified
2017-09-21 00:06:41.863 DEBUG 10508 --- [main] o.s.w.s.h.BeanNameUrlHandlerMapping      : Rejected bean name 'sortResolver': no URL paths identified
2017-09-21 00:06:41.863 DEBUG 10508 --- [main] o.s.w.s.h.BeanNameUrlHandlerMapping      : Rejected bean name 'org.springframework.data.web.config.SpringDataJacksonConfiguration': no URL paths identified
2017-09-21 00:06:41.863 DEBUG 10508 --- [main] o.s.w.s.h.BeanNameUrlHandlerMapping      : Rejected bean name 'jacksonGeoModule': no URL paths identified
2017-09-21 00:06:41.863 DEBUG 10508 --- [main] o.s.w.s.h.BeanNameUrlHandlerMapping      : Rejected bean name 'org.springframework.boot.autoconfigure.data.web.SpringDataWebAutoConfiguration': no URL paths identified
2017-09-21 00:06:41.864 DEBUG 10508 --- [main] o.s.w.s.h.BeanNameUrlHandlerMapping      : Rejected bean name 'org.springframework.boot.autoconfigure.info.ProjectInfoAutoConfiguration': no URL paths identified
2017-09-21 00:06:41.865 DEBUG 10508 --- [main] o.s.w.s.h.BeanNameUrlHandlerMapping      : Rejected bean name 'spring.info-org.springframework.boot.autoconfigure.info.ProjectInfoProperties': no URL paths identified
2017-09-21 00:06:41.866 DEBUG 10508 --- [main] o.s.w.s.h.BeanNameUrlHandlerMapping      : Rejected bean name 'org.springframework.boot.autoconfigure.jdbc.DataSourceTransactionManagerAutoConfiguration$DataSourceTransactionManagerConfiguration': no URL paths identified
2017-09-21 00:06:41.867 DEBUG 10508 --- [main] o.s.w.s.h.BeanNameUrlHandlerMapping      : Rejected bean name 'org.springframework.boot.autoconfigure.jdbc.DataSourceTransactionManagerAutoConfiguration': no URL paths identified
2017-09-21 00:06:41.867 DEBUG 10508 --- [main] o.s.w.s.h.BeanNameUrlHandlerMapping      : Rejected bean name 'org.springframework.boot.autoconfigure.jdbc.JdbcTemplateAutoConfiguration': no URL paths identified
2017-09-21 00:06:41.867 DEBUG 10508 --- [main] o.s.w.s.h.BeanNameUrlHandlerMapping      : Rejected bean name 'jdbcTemplate': no URL paths identified
2017-09-21 00:06:41.867 DEBUG 10508 --- [main] o.s.w.s.h.BeanNameUrlHandlerMapping      : Rejected bean name 'namedParameterJdbcTemplate': no URL paths identified
2017-09-21 00:06:41.867 DEBUG 10508 --- [main] o.s.w.s.h.BeanNameUrlHandlerMapping      : Rejected bean name 'org.springframework.transaction.annotation.ProxyTransactionManagementConfiguration': no URL paths identified
2017-09-21 00:06:41.870 DEBUG 10508 --- [main] o.s.w.s.h.BeanNameUrlHandlerMapping      : Rejected bean name 'org.springframework.transaction.config.internalTransactionAdvisor': no URL paths identified
2017-09-21 00:06:41.872 DEBUG 10508 --- [main] o.s.w.s.h.BeanNameUrlHandlerMapping      : Rejected bean name 'transactionAttributeSource': no URL paths identified
2017-09-21 00:06:41.872 DEBUG 10508 --- [main] o.s.w.s.h.BeanNameUrlHandlerMapping      : Rejected bean name 'transactionInterceptor': no URL paths identified
2017-09-21 00:06:41.878 DEBUG 10508 --- [main] o.s.w.s.h.BeanNameUrlHandlerMapping      : Rejected bean name 'org.springframework.transaction.config.internalTransactionalEventListenerFactory': no URL paths identified
2017-09-21 00:06:41.879 DEBUG 10508 --- [main] o.s.w.s.h.BeanNameUrlHandlerMapping      : Rejected bean name 'org.springframework.boot.autoconfigure.transaction.TransactionAutoConfiguration$EnableTransactionManagementConfiguration$CglibAutoProxyConfiguration': no URL paths identified
2017-09-21 00:06:41.879 DEBUG 10508 --- [main] o.s.w.s.h.BeanNameUrlHandlerMapping      : Rejected bean name 'org.springframework.boot.autoconfigure.transaction.TransactionAutoConfiguration$EnableTransactionManagementConfiguration': no URL paths identified
2017-09-21 00:06:41.879 DEBUG 10508 --- [main] o.s.w.s.h.BeanNameUrlHandlerMapping      : Rejected bean name 'org.springframework.boot.autoconfigure.transaction.TransactionAutoConfiguration$TransactionTemplateConfiguration': no URL paths identified
2017-09-21 00:06:41.880 DEBUG 10508 --- [main] o.s.w.s.h.BeanNameUrlHandlerMapping      : Rejected bean name 'transactionTemplate': no URL paths identified
2017-09-21 00:06:41.880 DEBUG 10508 --- [main] o.s.w.s.h.BeanNameUrlHandlerMapping      : Rejected bean name 'org.springframework.boot.autoconfigure.transaction.TransactionAutoConfiguration': no URL paths identified
2017-09-21 00:06:41.880 DEBUG 10508 --- [main] o.s.w.s.h.BeanNameUrlHandlerMapping      : Rejected bean name 'platformTransactionManagerCustomizers': no URL paths identified
2017-09-21 00:06:41.880 DEBUG 10508 --- [main] o.s.w.s.h.BeanNameUrlHandlerMapping      : Rejected bean name 'spring.transaction-org.springframework.boot.autoconfigure.transaction.TransactionProperties': no URL paths identified
2017-09-21 00:06:41.880 DEBUG 10508 --- [main] o.s.w.s.h.BeanNameUrlHandlerMapping      : Rejected bean name 'org.springframework.boot.autoconfigure.web.HttpEncodingAutoConfiguration': no URL paths identified
2017-09-21 00:06:41.880 DEBUG 10508 --- [main] o.s.w.s.h.BeanNameUrlHandlerMapping      : Rejected bean name 'characterEncodingFilter': no URL paths identified
2017-09-21 00:06:41.880 DEBUG 10508 --- [main] o.s.w.s.h.BeanNameUrlHandlerMapping      : Rejected bean name 'localeCharsetMappingsCustomizer': no URL paths identified
2017-09-21 00:06:41.880 DEBUG 10508 --- [main] o.s.w.s.h.BeanNameUrlHandlerMapping      : Rejected bean name 'org.springframework.boot.autoconfigure.web.MultipartAutoConfiguration': no URL paths identified
2017-09-21 00:06:41.880 DEBUG 10508 --- [main] o.s.w.s.h.BeanNameUrlHandlerMapping      : Rejected bean name 'multipartConfigElement': no URL paths identified
2017-09-21 00:06:41.880 DEBUG 10508 --- [main] o.s.w.s.h.BeanNameUrlHandlerMapping      : Rejected bean name 'multipartResolver': no URL paths identified
2017-09-21 00:06:41.880 DEBUG 10508 --- [main] o.s.w.s.h.BeanNameUrlHandlerMapping      : Rejected bean name 'spring.http.multipart-org.springframework.boot.autoconfigure.web.MultipartProperties': no URL paths identified
2017-09-21 00:06:41.880 DEBUG 10508 --- [main] o.s.w.s.h.BeanNameUrlHandlerMapping      : Rejected bean name 'org.springframework.boot.autoconfigure.web.ServerPropertiesAutoConfiguration': no URL paths identified
2017-09-21 00:06:41.880 DEBUG 10508 --- [main] o.s.w.s.h.BeanNameUrlHandlerMapping      : Rejected bean name 'serverProperties': no URL paths identified
2017-09-21 00:06:41.880 DEBUG 10508 --- [main] o.s.w.s.h.BeanNameUrlHandlerMapping      : Rejected bean name 'duplicateServerPropertiesDetector': no URL paths identified
2017-09-21 00:06:41.881 DEBUG 10508 --- [main] o.s.w.s.h.BeanNameUrlHandlerMapping      : Rejected bean name 'org.springframework.boot.autoconfigure.web.WebClientAutoConfiguration$RestTemplateConfiguration': no URL paths identified
2017-09-21 00:06:41.882 DEBUG 10508 --- [main] o.s.w.s.h.BeanNameUrlHandlerMapping      : Rejected bean name 'restTemplateBuilder': no URL paths identified
2017-09-21 00:06:41.882 DEBUG 10508 --- [main] o.s.w.s.h.BeanNameUrlHandlerMapping      : Rejected bean name 'org.springframework.boot.autoconfigure.web.WebClientAutoConfiguration': no URL paths identified
2017-09-21 00:06:41.882 DEBUG 10508 --- [main] o.s.w.s.h.BeanNameUrlHandlerMapping      : Rejected bean name 'org.springframework.boot.devtools.autoconfigure.DevToolsDataSourceAutoConfiguration$DatabaseShutdownExecutorJpaDependencyConfiguration': no URL paths identified
2017-09-21 00:06:41.882 DEBUG 10508 --- [main] o.s.w.s.h.BeanNameUrlHandlerMapping      : Rejected bean name 'org.springframework.boot.devtools.autoconfigure.DevToolsDataSourceAutoConfiguration': no URL paths identified
2017-09-21 00:06:41.884 DEBUG 10508 --- [main] o.s.w.s.h.BeanNameUrlHandlerMapping      : Rejected bean name 'inMemoryDatabaseShutdownExecutor': no URL paths identified
2017-09-21 00:06:41.885 DEBUG 10508 --- [main] o.s.w.s.h.BeanNameUrlHandlerMapping      : Rejected bean name 'org.springframework.orm.jpa.SharedEntityManagerCreator#0': no URL paths identified
2017-09-21 00:06:41.885 DEBUG 10508 --- [main] o.s.w.s.h.BeanNameUrlHandlerMapping      : Rejected bean name 'autoConfigurationReport': no URL paths identified
2017-09-21 00:06:41.885 DEBUG 10508 --- [main] o.s.w.s.h.BeanNameUrlHandlerMapping      : Rejected bean name 'org.springframework.boot.test.context.filter.TestTypeExcludeFilter': no URL paths identified
2017-09-21 00:06:41.885 DEBUG 10508 --- [main] o.s.w.s.h.BeanNameUrlHandlerMapping      : Rejected bean name 'org.springframework.boot.test.autoconfigure.properties.PropertyMappingContextCustomizer$PropertyMappingCheckBeanPostProcessor': no URL paths identified
2017-09-21 00:06:41.885 DEBUG 10508 --- [main] o.s.w.s.h.BeanNameUrlHandlerMapping      : Rejected bean name 'springApplicationArguments': no URL paths identified
2017-09-21 00:06:41.885 DEBUG 10508 --- [main] o.s.w.s.h.BeanNameUrlHandlerMapping      : Rejected bean name 'springBootBanner': no URL paths identified
2017-09-21 00:06:41.885 DEBUG 10508 --- [main] o.s.w.s.h.BeanNameUrlHandlerMapping      : Rejected bean name 'springBootLoggingSystem': no URL paths identified
2017-09-21 00:06:41.885 DEBUG 10508 --- [main] o.s.w.s.h.BeanNameUrlHandlerMapping      : Rejected bean name 'environment': no URL paths identified
2017-09-21 00:06:41.885 DEBUG 10508 --- [main] o.s.w.s.h.BeanNameUrlHandlerMapping      : Rejected bean name 'systemProperties': no URL paths identified
2017-09-21 00:06:41.885 DEBUG 10508 --- [main] o.s.w.s.h.BeanNameUrlHandlerMapping      : Rejected bean name 'systemEnvironment': no URL paths identified
2017-09-21 00:06:41.885 DEBUG 10508 --- [main] o.s.w.s.h.BeanNameUrlHandlerMapping      : Rejected bean name 'servletContext': no URL paths identified
2017-09-21 00:06:41.885 DEBUG 10508 --- [main] o.s.w.s.h.BeanNameUrlHandlerMapping      : Rejected bean name 'contextParameters': no URL paths identified
2017-09-21 00:06:41.885 DEBUG 10508 --- [main] o.s.w.s.h.BeanNameUrlHandlerMapping      : Rejected bean name 'contextAttributes': no URL paths identified
2017-09-21 00:06:41.885 DEBUG 10508 --- [main] o.s.w.s.h.BeanNameUrlHandlerMapping      : Rejected bean name 'org.springframework.context.annotation.ConfigurationClassPostProcessor.importRegistry': no URL paths identified
2017-09-21 00:06:41.886 DEBUG 10508 --- [main] o.s.w.s.h.BeanNameUrlHandlerMapping      : Rejected bean name 'org.springframework.boot.test.mock.mockito.MockitoBeans': no URL paths identified
2017-09-21 00:06:41.886 DEBUG 10508 --- [main] o.s.w.s.h.BeanNameUrlHandlerMapping      : Rejected bean name 'messageSource': no URL paths identified
2017-09-21 00:06:41.886 DEBUG 10508 --- [main] o.s.w.s.h.BeanNameUrlHandlerMapping      : Rejected bean name 'applicationEventMulticaster': no URL paths identified
2017-09-21 00:06:41.907  INFO 10508 --- [main] o.s.w.s.handler.SimpleUrlHandlerMapping  : Mapped URL path [/webjars/**] onto handler of type [class org.springframework.web.servlet.resource.ResourceHttpRequestHandler]
2017-09-21 00:06:41.907  INFO 10508 --- [main] o.s.w.s.handler.SimpleUrlHandlerMapping  : Mapped URL path [/**] onto handler of type [class org.springframework.web.servlet.resource.ResourceHttpRequestHandler]
2017-09-21 00:06:41.955 DEBUG 10508 --- [main] .m.m.a.ExceptionHandlerExceptionResolver : Looking for exception mappings: org.springframework.web.context.support.GenericWebApplicationContext@446293d: startup date [Thu Sep 21 00:06:32 KST 2017]; root of context hierarchy
2017-09-21 00:06:42.150  INFO 10508 --- [main] o.s.w.s.handler.SimpleUrlHandlerMapping  : Mapped URL path [/**/favicon.ico] onto handler of type [class org.springframework.web.servlet.resource.ResourceHttpRequestHandler]
2017-09-21 00:06:43.052 DEBUG 10508 --- [main] o.s.w.c.s.GenericWebApplicationContext   : Unable to locate LifecycleProcessor with name 'lifecycleProcessor': using default [org.springframework.context.support.DefaultLifecycleProcessor@4f811029]
2017-09-21 00:06:43.063 DEBUG 10508 --- [main] o.s.w.s.resource.ResourceUrlProvider     : Looking for resource handler mappings
2017-09-21 00:06:43.063 DEBUG 10508 --- [main] o.s.w.s.resource.ResourceUrlProvider     : Found resource handler mapping: URL pattern="/**/favicon.ico", locations=[ServletContext resource [/], class path resource [META-INF/resources/], class path resource [resources/], class path resource [static/], class path resource [public/], class path resource []], resolvers=[org.springframework.web.servlet.resource.PathResourceResolver@56a05324]
2017-09-21 00:06:43.064 DEBUG 10508 --- [main] o.s.w.s.resource.ResourceUrlProvider     : Found resource handler mapping: URL pattern="/webjars/**", locations=[class path resource [META-INF/resources/webjars/]], resolvers=[org.springframework.web.servlet.resource.PathResourceResolver@11e71181]
2017-09-21 00:06:43.064 DEBUG 10508 --- [main] o.s.w.s.resource.ResourceUrlProvider     : Found resource handler mapping: URL pattern="/**", locations=[ServletContext resource [/], class path resource [META-INF/resources/], class path resource [resources/], class path resource [static/], class path resource [public/]], resolvers=[org.springframework.web.servlet.resource.PathResourceResolver@342beaf6]
2017-09-21 00:06:43.069  INFO 10508 --- [main] c.e.s.accounts.AccountControllerTest     : Started AccountControllerTest in 12.158 seconds (JVM running for 14.241)
2017-09-21 00:06:43.915 DEBUG 10508 --- [main] s.w.s.m.m.a.RequestMappingHandlerMapping : Looking up handler method for path /accounts
2017-09-21 00:06:43.920 DEBUG 10508 --- [main] s.w.s.m.m.a.RequestMappingHandlerMapping : Returning handler method [public org.springframework.http.ResponseEntity com.euihwan.study.accounts.AccountController.createAccount(com.euihwan.study.accounts.AccountDto$Create,org.springframework.validation.BindingResult)]
2017-09-21 00:06:43.996 DEBUG 10508 --- [main] m.m.a.RequestResponseBodyMethodProcessor : Read [class com.euihwan.study.accounts.AccountDto$Create] as "application/json" with [org.springframework.http.converter.json.MappingJackson2HttpMessageConverter@391515c7]
2017-09-21 00:06:44.327  INFO 10508 --- [main] o.h.h.i.QueryTranslatorFactoryInitiator  : HHH000397: Using ASTQueryTranslatorFactory
2017-09-21 00:06:44.937 DEBUG 10508 --- [main] o.s.w.s.m.m.a.HttpEntityMethodProcessor  : Written [AccountDto.Response(id=1, userName=whiteship, fullName=null, joined=Thu Sep 21 00:06:44 KST 2017, updated=Thu Sep 21 00:06:44 KST 2017)] as "application/json" using [org.springframework.http.converter.json.MappingJackson2HttpMessageConverter@391515c7]
2017-09-21 00:06:44.983 DEBUG 10508 --- [main] s.w.s.m.m.a.RequestMappingHandlerMapping : Looking up handler method for path /accounts
2017-09-21 00:06:44.983 DEBUG 10508 --- [main] s.w.s.m.m.a.RequestMappingHandlerMapping : Returning handler method [public org.springframework.http.ResponseEntity com.euihwan.study.accounts.AccountController.createAccount(com.euihwan.study.accounts.AccountDto$Create,org.springframework.validation.BindingResult)]
2017-09-21 00:06:44.986 DEBUG 10508 --- [main] m.m.a.RequestResponseBodyMethodProcessor : Read [class com.euihwan.study.accounts.AccountDto$Create] as "application/json" with [org.springframework.http.converter.json.MappingJackson2HttpMessageConverter@391515c7]
2017-09-21 00:06:45.010 ERROR 10508 --- [main] c.euihwan.study.accounts.AccountService  : user duplicated exception. whiteship
2017-09-21 00:06:45.011 DEBUG 10508 --- [main] .m.m.a.ExceptionHandlerExceptionResolver : Resolving exception from handler [public org.springframework.http.ResponseEntity com.euihwan.study.accounts.AccountController.createAccount(com.euihwan.study.accounts.AccountDto$Create,org.springframework.validation.BindingResult)]: com.euihwan.study.accounts.UserDuplicatedException
2017-09-21 00:06:45.014 DEBUG 10508 --- [main] .m.m.a.ExceptionHandlerExceptionResolver : Invoking @ExceptionHandler method: public org.springframework.http.ResponseEntity com.euihwan.study.accounts.AccountController.handleUserDuplicatedException(com.euihwan.study.accounts.UserDuplicatedException)
2017-09-21 00:06:45.019 DEBUG 10508 --- [main] o.s.w.s.m.m.a.HttpEntityMethodProcessor  : Written [ErrorResponse(message=[whiteship] 중복 username 입니다., code=duplicated.username.exception, errors=null)] as "application/json" using [org.springframework.http.converter.json.MappingJackson2HttpMessageConverter@391515c7]
2017-09-21 00:06:45.049 DEBUG 10508 --- [main] s.w.s.m.m.a.RequestMappingHandlerMapping : Looking up handler method for path /accounts
2017-09-21 00:06:45.050 DEBUG 10508 --- [main] s.w.s.m.m.a.RequestMappingHandlerMapping : Returning handler method [public org.springframework.http.ResponseEntity com.euihwan.study.accounts.AccountController.createAccount(com.euihwan.study.accounts.AccountDto$Create,org.springframework.validation.BindingResult)]
2017-09-21 00:06:45.052 DEBUG 10508 --- [main] m.m.a.RequestResponseBodyMethodProcessor : Read [class com.euihwan.study.accounts.AccountDto$Create] as "application/json" with [org.springframework.http.converter.json.MappingJackson2HttpMessageConverter@391515c7]
2017-09-21 00:06:45.151 DEBUG 10508 --- [main] o.s.w.s.m.m.a.HttpEntityMethodProcessor  : Written [ErrorResponse(message=잘못된 요청입니다., code=bad.request, errors=null)] as "application/json" using [org.springframework.http.converter.json.MappingJackson2HttpMessageConverter@391515c7]
2017-09-21 00:06:45.217 DEBUG 10508 --- [main] s.w.s.m.m.a.RequestMappingHandlerMapping : Looking up handler method for path /accounts
2017-09-21 00:06:45.217 DEBUG 10508 --- [main] s.w.s.m.m.a.RequestMappingHandlerMapping : Returning handler method [public org.springframework.http.ResponseEntity com.euihwan.study.accounts.AccountController.getAccounts(org.springframework.data.domain.Pageable)]
2017-09-21 00:06:45.356 DEBUG 10508 --- [main] o.s.w.s.m.m.a.HttpEntityMethodProcessor  : Written [Page 1 of 1 containing com.euihwan.study.accounts.AccountDto$Response instances] as "application/json" using [org.springframework.http.converter.json.MappingJackson2HttpMessageConverter@391515c7]
2017-09-21 00:06:45.403  INFO 10508 --- [Thread-4] o.s.w.c.s.GenericWebApplicationContext   : Closing org.springframework.web.context.support.GenericWebApplicationContext@446293d: startup date [Thu Sep 21 00:06:32 KST 2017]; root of context hierarchy
2017-09-21 00:06:45.417  INFO 10508 --- [Thread-4] org.hibernate.tool.hbm2ddl.SchemaExport  : HHH000227: Running hbm2ddl schema export
2017-09-21 00:06:45.451  INFO 10508 --- [Thread-4] org.hibernate.tool.hbm2ddl.SchemaExport  : HHH000230: Schema export complete
